<?xml version="1.0" encoding="UTF-8"?>
<!-- Generated by org.testng.reporters.JUnitReportReporter -->
<testsuite skipped="0" hostname="DESKTOP-BD2581E" name="StepsDefinition.TestRunner" tests="3" failures="0" timestamp="26 Oct 2020 18:12:01 GMT" time="6.422" errors="0">
  <testcase name="api_for_foreign_exchange" time="0.600" classname="StepsDefinition.TestRunner"/>
  <testcase name="validate_the_response_received_from_the_response_body" time="0.100" classname="StepsDefinition.TestRunner"/>
  <testcase name="passed_valid_values_from_get_method" time="5.722" classname="StepsDefinition.TestRunner"/>
</testsuite> <!-- StepsDefinition.TestRunner -->
